This file contains any messages produced by compilers while
running configure, to aid debugging if configure makes a mistake.

It was created by turnserver configure 0.7.3, which was
generated by GNU Autoconf 2.69.  Invocation command line was

  $ ./configure 

## --------- ##
## Platform. ##
## --------- ##

hostname = debian7
uname -m = x86_64
uname -r = 3.2.0-4-amd64
uname -s = Linux
uname -v = #1 SMP Debian 3.2.68-1+deb7u3

/usr/bin/uname -p = unknown
/bin/uname -X     = unknown

/bin/arch              = unknown
/usr/bin/arch -k       = unknown
/usr/convex/getsysinfo = unknown
/usr/bin/hostinfo      = unknown
/bin/machine           = unknown
/usr/bin/oslevel       = unknown
/bin/universe          = unknown

PATH: /opt/Qt5.5.0/Tools/QtCreator/bin
PATH: /opt/Qt5.5.0/5.5/gcc_64/bin
PATH: /home/pnz/work/jre/jre1.8.0_45/bin/
PATH: /usr/local/bin
PATH: /usr/bin
PATH: /bin
PATH: /usr/local/games
PATH: /usr/games


## ----------- ##
## Core tests. ##
## ----------- ##

configure:2520: checking for pkg-config
configure:2538: found /usr/bin/pkg-config
configure:2550: result: /usr/bin/pkg-config
configure:2575: checking pkg-config is at least version 0.9.0
configure:2578: result: yes
configure:2588: checking for CHECK
configure:2595: $PKG_CONFIG --exists --print-errors "check >= 0.9.4"
configure:2598: $? = 0
configure:2612: $PKG_CONFIG --exists --print-errors "check >= 0.9.4"
configure:2615: $? = 0
configure:2655: result: yes
configure:2709: checking for gcc
configure:2725: found /usr/bin/gcc
configure:2736: result: gcc
configure:2965: checking for C compiler version
configure:2974: gcc --version >&5
gcc (Debian 4.7.2-5) 4.7.2
Copyright (C) 2012 Free Software Foundation, Inc.
This is free software; see the source for copying conditions.  There is NO
warranty; not even for MERCHANTABILITY or FITNESS FOR A PARTICULAR PURPOSE.

configure:2985: $? = 0
configure:2974: gcc -v >&5
Using built-in specs.
COLLECT_GCC=gcc
COLLECT_LTO_WRAPPER=/usr/lib/gcc/x86_64-linux-gnu/4.7/lto-wrapper
Target: x86_64-linux-gnu
Configured with: ../src/configure -v --with-pkgversion='Debian 4.7.2-5' --with-bugurl=file:///usr/share/doc/gcc-4.7/README.Bugs --enable-languages=c,c++,go,fortran,objc,obj-c++ --prefix=/usr --program-suffix=-4.7 --enable-shared --enable-linker-build-id --with-system-zlib --libexecdir=/usr/lib --without-included-gettext --enable-threads=posix --with-gxx-include-dir=/usr/include/c++/4.7 --libdir=/usr/lib --enable-nls --with-sysroot=/ --enable-clocale=gnu --enable-libstdcxx-debug --enable-libstdcxx-time=yes --enable-gnu-unique-object --enable-plugin --enable-objc-gc --with-arch-32=i586 --with-tune=generic --enable-checking=release --build=x86_64-linux-gnu --host=x86_64-linux-gnu --target=x86_64-linux-gnu
Thread model: posix
gcc version 4.7.2 (Debian 4.7.2-5) 
configure:2985: $? = 0
configure:2974: gcc -V >&5
gcc: error: unrecognized command line option '-V'
gcc: fatal error: no input files
compilation terminated.
configure:2985: $? = 4
configure:2974: gcc -qversion >&5
gcc: error: unrecognized command line option '-qversion'
gcc: fatal error: no input files
compilation terminated.
configure:2985: $? = 4
configure:3005: checking whether the C compiler works
configure:3027: gcc    conftest.c  >&5
configure:3031: $? = 0
configure:3079: result: yes
configure:3082: checking for C compiler default output file name
configure:3084: result: a.out
configure:3090: checking for suffix of executables
configure:3097: gcc -o conftest    conftest.c  >&5
configure:3101: $? = 0
configure:3123: result: 
configure:3145: checking whether we are cross compiling
configure:3153: gcc -o conftest    conftest.c  >&5
configure:3157: $? = 0
configure:3164: ./conftest
configure:3168: $? = 0
configure:3183: result: no
configure:3188: checking for suffix of object files
configure:3210: gcc -c   conftest.c >&5
configure:3214: $? = 0
configure:3235: result: o
configure:3239: checking whether we are using the GNU C compiler
configure:3258: gcc -c   conftest.c >&5
configure:3258: $? = 0
configure:3267: result: yes
configure:3276: checking whether gcc accepts -g
configure:3296: gcc -c -g  conftest.c >&5
configure:3296: $? = 0
configure:3337: result: yes
configure:3354: checking for gcc option to accept ISO C89
configure:3417: gcc  -c -g -O2  conftest.c >&5
configure:3417: $? = 0
configure:3430: result: none needed
configure:3451: checking whether gcc and cc understand -c and -o together
configure:3482: gcc -c conftest.c -o conftest2.o >&5
configure:3486: $? = 0
configure:3492: gcc -c conftest.c -o conftest2.o >&5
configure:3496: $? = 0
configure:3507: cc -c conftest.c >&5
configure:3511: $? = 0
configure:3519: cc -c conftest.c -o conftest2.o >&5
configure:3523: $? = 0
configure:3529: cc -c conftest.c -o conftest2.o >&5
configure:3533: $? = 0
configure:3551: result: yes
configure:3581: checking for sed
configure:3597: found /bin/sed
configure:3608: result: sed
configure:3619: checking for timer_create in -lrt
configure:3644: gcc -o conftest -g -O2   conftest.c -lrt   >&5
configure:3644: $? = 0
configure:3653: result: yes
configure:3666: checking for SSL_new in -lssl
configure:3691: gcc -o conftest -g -O2   conftest.c -lssl  -lrt  >&5
configure:3691: $? = 0
configure:3700: result: yes
configure:3713: checking for ERR_reason_error_string in -lcrypto
configure:3738: gcc -o conftest -g -O2   conftest.c -lcrypto  -lssl -lrt  >&5
configure:3738: $? = 0
configure:3747: result: yes
configure:3760: checking for cfg_init in -lconfuse
configure:3785: gcc -o conftest -g -O2   conftest.c -lconfuse  -lcrypto -lssl -lrt  >&5
configure:3785: $? = 0
configure:3794: result: yes
configure:3814: checking how to run the C preprocessor
configure:3845: gcc -E  conftest.c
configure:3845: $? = 0
configure:3859: gcc -E  conftest.c
conftest.c:13:28: fatal error: ac_nonexistent.h: No such file or directory
compilation terminated.
configure:3859: $? = 1
configure: failed program was:
| /* confdefs.h */
| #define PACKAGE_NAME "turnserver"
| #define PACKAGE_TARNAME "turnserver"
| #define PACKAGE_VERSION "0.7.3"
| #define PACKAGE_STRING "turnserver 0.7.3"
| #define PACKAGE_BUGREPORT "http://www.turnserver.org/"
| #define PACKAGE_URL ""
| #define HAVE_LIBRT 1
| #define HAVE_LIBSSL 1
| #define HAVE_LIBCRYPTO 1
| #define HAVE_LIBCONFUSE 1
| /* end confdefs.h.  */
| #include <ac_nonexistent.h>
configure:3884: result: gcc -E
configure:3904: gcc -E  conftest.c
configure:3904: $? = 0
configure:3918: gcc -E  conftest.c
conftest.c:13:28: fatal error: ac_nonexistent.h: No such file or directory
compilation terminated.
configure:3918: $? = 1
configure: failed program was:
| /* confdefs.h */
| #define PACKAGE_NAME "turnserver"
| #define PACKAGE_TARNAME "turnserver"
| #define PACKAGE_VERSION "0.7.3"
| #define PACKAGE_STRING "turnserver 0.7.3"
| #define PACKAGE_BUGREPORT "http://www.turnserver.org/"
| #define PACKAGE_URL ""
| #define HAVE_LIBRT 1
| #define HAVE_LIBSSL 1
| #define HAVE_LIBCRYPTO 1
| #define HAVE_LIBCONFUSE 1
| /* end confdefs.h.  */
| #include <ac_nonexistent.h>
configure:3947: checking for grep that handles long lines and -e
configure:4005: result: /bin/grep
configure:4010: checking for egrep
configure:4072: result: /bin/grep -E
configure:4077: checking for ANSI C header files
configure:4097: gcc -c -g -O2  conftest.c >&5
configure:4097: $? = 0
configure:4170: gcc -o conftest -g -O2   conftest.c -lconfuse -lcrypto -lssl -lrt  >&5
configure:4170: $? = 0
configure:4170: ./conftest
configure:4170: $? = 0
configure:4181: result: yes
configure:4194: checking for sys/types.h
configure:4194: gcc -c -g -O2  conftest.c >&5
configure:4194: $? = 0
configure:4194: result: yes
configure:4194: checking for sys/stat.h
configure:4194: gcc -c -g -O2  conftest.c >&5
configure:4194: $? = 0
configure:4194: result: yes
configure:4194: checking for stdlib.h
configure:4194: gcc -c -g -O2  conftest.c >&5
configure:4194: $? = 0
configure:4194: result: yes
configure:4194: checking for string.h
configure:4194: gcc -c -g -O2  conftest.c >&5
configure:4194: $? = 0
configure:4194: result: yes
configure:4194: checking for memory.h
configure:4194: gcc -c -g -O2  conftest.c >&5
configure:4194: $? = 0
configure:4194: result: yes
configure:4194: checking for strings.h
configure:4194: gcc -c -g -O2  conftest.c >&5
configure:4194: $? = 0
configure:4194: result: yes
configure:4194: checking for inttypes.h
configure:4194: gcc -c -g -O2  conftest.c >&5
configure:4194: $? = 0
configure:4194: result: yes
configure:4194: checking for stdint.h
configure:4194: gcc -c -g -O2  conftest.c >&5
configure:4194: $? = 0
configure:4194: result: yes
configure:4194: checking for unistd.h
configure:4194: gcc -c -g -O2  conftest.c >&5
configure:4194: $? = 0
configure:4194: result: yes
configure:4209: checking arpa/inet.h usability
configure:4209: gcc -c -g -O2  conftest.c >&5
configure:4209: $? = 0
configure:4209: result: yes
configure:4209: checking arpa/inet.h presence
configure:4209: gcc -E  conftest.c
configure:4209: $? = 0
configure:4209: result: yes
configure:4209: checking for arpa/inet.h
configure:4209: result: yes
configure:4209: checking fcntl.h usability
configure:4209: gcc -c -g -O2  conftest.c >&5
configure:4209: $? = 0
configure:4209: result: yes
configure:4209: checking fcntl.h presence
configure:4209: gcc -E  conftest.c
configure:4209: $? = 0
configure:4209: result: yes
configure:4209: checking for fcntl.h
configure:4209: result: yes
configure:4209: checking limits.h usability
configure:4209: gcc -c -g -O2  conftest.c >&5
configure:4209: $? = 0
configure:4209: result: yes
configure:4209: checking limits.h presence
configure:4209: gcc -E  conftest.c
configure:4209: $? = 0
configure:4209: result: yes
configure:4209: checking for limits.h
configure:4209: result: yes
configure:4209: checking netdb.h usability
configure:4209: gcc -c -g -O2  conftest.c >&5
configure:4209: $? = 0
configure:4209: result: yes
configure:4209: checking netdb.h presence
configure:4209: gcc -E  conftest.c
configure:4209: $? = 0
configure:4209: result: yes
configure:4209: checking for netdb.h
configure:4209: result: yes
configure:4209: checking netinet/in.h usability
configure:4209: gcc -c -g -O2  conftest.c >&5
configure:4209: $? = 0
configure:4209: result: yes
configure:4209: checking netinet/in.h presence
configure:4209: gcc -E  conftest.c
configure:4209: $? = 0
configure:4209: result: yes
configure:4209: checking for netinet/in.h
configure:4209: result: yes
configure:4209: checking stddef.h usability
configure:4209: gcc -c -g -O2  conftest.c >&5
configure:4209: $? = 0
configure:4209: result: yes
configure:4209: checking stddef.h presence
configure:4209: gcc -E  conftest.c
configure:4209: $? = 0
configure:4209: result: yes
configure:4209: checking for stddef.h
configure:4209: result: yes
configure:4209: checking for stdint.h
configure:4209: result: yes
configure:4209: checking for stdlib.h
configure:4209: result: yes
configure:4209: checking for string.h
configure:4209: result: yes
configure:4209: checking sys/socket.h usability
configure:4209: gcc -c -g -O2  conftest.c >&5
configure:4209: $? = 0
configure:4209: result: yes
configure:4209: checking sys/socket.h presence
configure:4209: gcc -E  conftest.c
configure:4209: $? = 0
configure:4209: result: yes
configure:4209: checking for sys/socket.h
configure:4209: result: yes
configure:4209: checking sys/time.h usability
configure:4209: gcc -c -g -O2  conftest.c >&5
configure:4209: $? = 0
configure:4209: result: yes
configure:4209: checking sys/time.h presence
configure:4209: gcc -E  conftest.c
configure:4209: $? = 0
configure:4209: result: yes
configure:4209: checking for sys/time.h
configure:4209: result: yes
configure:4209: checking syslog.h usability
configure:4209: gcc -c -g -O2  conftest.c >&5
configure:4209: $? = 0
configure:4209: result: yes
configure:4209: checking syslog.h presence
configure:4209: gcc -E  conftest.c
configure:4209: $? = 0
configure:4209: result: yes
configure:4209: checking for syslog.h
configure:4209: result: yes
configure:4209: checking for unistd.h
configure:4209: result: yes
configure:4221: checking for an ANSI C-conforming const
configure:4287: gcc -c -g -O2  conftest.c >&5
configure:4287: $? = 0
configure:4294: result: yes
configure:4302: checking for uid_t in sys/types.h
configure:4321: result: yes
configure:4332: checking for inline
configure:4348: gcc -c -g -O2  conftest.c >&5
configure:4348: $? = 0
configure:4356: result: inline
configure:4374: checking for int16_t
configure:4374: gcc -c -g -O2  conftest.c >&5
configure:4374: $? = 0
configure:4374: gcc -c -g -O2  conftest.c >&5
conftest.c: In function 'main':
conftest.c:73:12: error: size of array 'test_array' is negative
configure:4374: $? = 1
configure: failed program was:
| /* confdefs.h */
| #define PACKAGE_NAME "turnserver"
| #define PACKAGE_TARNAME "turnserver"
| #define PACKAGE_VERSION "0.7.3"
| #define PACKAGE_STRING "turnserver 0.7.3"
| #define PACKAGE_BUGREPORT "http://www.turnserver.org/"
| #define PACKAGE_URL ""
| #define HAVE_LIBRT 1
| #define HAVE_LIBSSL 1
| #define HAVE_LIBCRYPTO 1
| #define HAVE_LIBCONFUSE 1
| #define STDC_HEADERS 1
| #define HAVE_SYS_TYPES_H 1
| #define HAVE_SYS_STAT_H 1
| #define HAVE_STDLIB_H 1
| #define HAVE_STRING_H 1
| #define HAVE_MEMORY_H 1
| #define HAVE_STRINGS_H 1
| #define HAVE_INTTYPES_H 1
| #define HAVE_STDINT_H 1
| #define HAVE_UNISTD_H 1
| #define HAVE_ARPA_INET_H 1
| #define HAVE_FCNTL_H 1
| #define HAVE_LIMITS_H 1
| #define HAVE_NETDB_H 1
| #define HAVE_NETINET_IN_H 1
| #define HAVE_STDDEF_H 1
| #define HAVE_STDINT_H 1
| #define HAVE_STDLIB_H 1
| #define HAVE_STRING_H 1
| #define HAVE_SYS_SOCKET_H 1
| #define HAVE_SYS_TIME_H 1
| #define HAVE_SYSLOG_H 1
| #define HAVE_UNISTD_H 1
| /* end confdefs.h.  */
| #include <stdio.h>
| #ifdef HAVE_SYS_TYPES_H
| # include <sys/types.h>
| #endif
| #ifdef HAVE_SYS_STAT_H
| # include <sys/stat.h>
| #endif
| #ifdef STDC_HEADERS
| # include <stdlib.h>
| # include <stddef.h>
| #else
| # ifdef HAVE_STDLIB_H
| #  include <stdlib.h>
| # endif
| #endif
| #ifdef HAVE_STRING_H
| # if !defined STDC_HEADERS && defined HAVE_MEMORY_H
| #  include <memory.h>
| # endif
| # include <string.h>
| #endif
| #ifdef HAVE_STRINGS_H
| # include <strings.h>
| #endif
| #ifdef HAVE_INTTYPES_H
| # include <inttypes.h>
| #endif
| #ifdef HAVE_STDINT_H
| # include <stdint.h>
| #endif
| #ifdef HAVE_UNISTD_H
| # include <unistd.h>
| #endif
| 	        enum { N = 16 / 2 - 1 };
| int
| main ()
| {
| static int test_array [1 - 2 * !((int16_t) (((((int16_t) 1 << N) << N) - 1) * 2 + 1)
| 		 < (int16_t) (((((int16_t) 1 << N) << N) - 1) * 2 + 2))];
| test_array [0] = 0;
| return test_array [0];
| 
|   ;
|   return 0;
| }
configure:4374: result: yes
configure:4385: checking for int32_t
configure:4385: gcc -c -g -O2  conftest.c >&5
configure:4385: $? = 0
configure:4385: gcc -c -g -O2  conftest.c >&5
conftest.c: In function 'main':
conftest.c:74:53: warning: integer overflow in expression [-Woverflow]
conftest.c:73:12: error: storage size of 'test_array' isn't constant
configure:4385: $? = 1
configure: failed program was:
| /* confdefs.h */
| #define PACKAGE_NAME "turnserver"
| #define PACKAGE_TARNAME "turnserver"
| #define PACKAGE_VERSION "0.7.3"
| #define PACKAGE_STRING "turnserver 0.7.3"
| #define PACKAGE_BUGREPORT "http://www.turnserver.org/"
| #define PACKAGE_URL ""
| #define HAVE_LIBRT 1
| #define HAVE_LIBSSL 1
| #define HAVE_LIBCRYPTO 1
| #define HAVE_LIBCONFUSE 1
| #define STDC_HEADERS 1
| #define HAVE_SYS_TYPES_H 1
| #define HAVE_SYS_STAT_H 1
| #define HAVE_STDLIB_H 1
| #define HAVE_STRING_H 1
| #define HAVE_MEMORY_H 1
| #define HAVE_STRINGS_H 1
| #define HAVE_INTTYPES_H 1
| #define HAVE_STDINT_H 1
| #define HAVE_UNISTD_H 1
| #define HAVE_ARPA_INET_H 1
| #define HAVE_FCNTL_H 1
| #define HAVE_LIMITS_H 1
| #define HAVE_NETDB_H 1
| #define HAVE_NETINET_IN_H 1
| #define HAVE_STDDEF_H 1
| #define HAVE_STDINT_H 1
| #define HAVE_STDLIB_H 1
| #define HAVE_STRING_H 1
| #define HAVE_SYS_SOCKET_H 1
| #define HAVE_SYS_TIME_H 1
| #define HAVE_SYSLOG_H 1
| #define HAVE_UNISTD_H 1
| /* end confdefs.h.  */
| #include <stdio.h>
| #ifdef HAVE_SYS_TYPES_H
| # include <sys/types.h>
| #endif
| #ifdef HAVE_SYS_STAT_H
| # include <sys/stat.h>
| #endif
| #ifdef STDC_HEADERS
| # include <stdlib.h>
| # include <stddef.h>
| #else
| # ifdef HAVE_STDLIB_H
| #  include <stdlib.h>
| # endif
| #endif
| #ifdef HAVE_STRING_H
| # if !defined STDC_HEADERS && defined HAVE_MEMORY_H
| #  include <memory.h>
| # endif
| # include <string.h>
| #endif
| #ifdef HAVE_STRINGS_H
| # include <strings.h>
| #endif
| #ifdef HAVE_INTTYPES_H
| # include <inttypes.h>
| #endif
| #ifdef HAVE_STDINT_H
| # include <stdint.h>
| #endif
| #ifdef HAVE_UNISTD_H
| # include <unistd.h>
| #endif
| 	        enum { N = 32 / 2 - 1 };
| int
| main ()
| {
| static int test_array [1 - 2 * !((int32_t) (((((int32_t) 1 << N) << N) - 1) * 2 + 1)
| 		 < (int32_t) (((((int32_t) 1 << N) << N) - 1) * 2 + 2))];
| test_array [0] = 0;
| return test_array [0];
| 
|   ;
|   return 0;
| }
configure:4385: result: yes
configure:4396: checking for int64_t
configure:4396: gcc -c -g -O2  conftest.c >&5
configure:4396: $? = 0
configure:4396: gcc -c -g -O2  conftest.c >&5
conftest.c: In function 'main':
conftest.c:74:53: warning: integer overflow in expression [-Woverflow]
conftest.c:73:12: error: storage size of 'test_array' isn't constant
configure:4396: $? = 1
configure: failed program was:
| /* confdefs.h */
| #define PACKAGE_NAME "turnserver"
| #define PACKAGE_TARNAME "turnserver"
| #define PACKAGE_VERSION "0.7.3"
| #define PACKAGE_STRING "turnserver 0.7.3"
| #define PACKAGE_BUGREPORT "http://www.turnserver.org/"
| #define PACKAGE_URL ""
| #define HAVE_LIBRT 1
| #define HAVE_LIBSSL 1
| #define HAVE_LIBCRYPTO 1
| #define HAVE_LIBCONFUSE 1
| #define STDC_HEADERS 1
| #define HAVE_SYS_TYPES_H 1
| #define HAVE_SYS_STAT_H 1
| #define HAVE_STDLIB_H 1
| #define HAVE_STRING_H 1
| #define HAVE_MEMORY_H 1
| #define HAVE_STRINGS_H 1
| #define HAVE_INTTYPES_H 1
| #define HAVE_STDINT_H 1
| #define HAVE_UNISTD_H 1
| #define HAVE_ARPA_INET_H 1
| #define HAVE_FCNTL_H 1
| #define HAVE_LIMITS_H 1
| #define HAVE_NETDB_H 1
| #define HAVE_NETINET_IN_H 1
| #define HAVE_STDDEF_H 1
| #define HAVE_STDINT_H 1
| #define HAVE_STDLIB_H 1
| #define HAVE_STRING_H 1
| #define HAVE_SYS_SOCKET_H 1
| #define HAVE_SYS_TIME_H 1
| #define HAVE_SYSLOG_H 1
| #define HAVE_UNISTD_H 1
| /* end confdefs.h.  */
| #include <stdio.h>
| #ifdef HAVE_SYS_TYPES_H
| # include <sys/types.h>
| #endif
| #ifdef HAVE_SYS_STAT_H
| # include <sys/stat.h>
| #endif
| #ifdef STDC_HEADERS
| # include <stdlib.h>
| # include <stddef.h>
| #else
| # ifdef HAVE_STDLIB_H
| #  include <stdlib.h>
| # endif
| #endif
| #ifdef HAVE_STRING_H
| # if !defined STDC_HEADERS && defined HAVE_MEMORY_H
| #  include <memory.h>
| # endif
| # include <string.h>
| #endif
| #ifdef HAVE_STRINGS_H
| # include <strings.h>
| #endif
| #ifdef HAVE_INTTYPES_H
| # include <inttypes.h>
| #endif
| #ifdef HAVE_STDINT_H
| # include <stdint.h>
| #endif
| #ifdef HAVE_UNISTD_H
| # include <unistd.h>
| #endif
| 	        enum { N = 64 / 2 - 1 };
| int
| main ()
| {
| static int test_array [1 - 2 * !((int64_t) (((((int64_t) 1 << N) << N) - 1) * 2 + 1)
| 		 < (int64_t) (((((int64_t) 1 << N) << N) - 1) * 2 + 2))];
| test_array [0] = 0;
| return test_array [0];
| 
|   ;
|   return 0;
| }
configure:4396: result: yes
configure:4407: checking for int8_t
configure:4407: gcc -c -g -O2  conftest.c >&5
configure:4407: $? = 0
configure:4407: gcc -c -g -O2  conftest.c >&5
conftest.c: In function 'main':
conftest.c:73:12: error: size of array 'test_array' is negative
configure:4407: $? = 1
configure: failed program was:
| /* confdefs.h */
| #define PACKAGE_NAME "turnserver"
| #define PACKAGE_TARNAME "turnserver"
| #define PACKAGE_VERSION "0.7.3"
| #define PACKAGE_STRING "turnserver 0.7.3"
| #define PACKAGE_BUGREPORT "http://www.turnserver.org/"
| #define PACKAGE_URL ""
| #define HAVE_LIBRT 1
| #define HAVE_LIBSSL 1
| #define HAVE_LIBCRYPTO 1
| #define HAVE_LIBCONFUSE 1
| #define STDC_HEADERS 1
| #define HAVE_SYS_TYPES_H 1
| #define HAVE_SYS_STAT_H 1
| #define HAVE_STDLIB_H 1
| #define HAVE_STRING_H 1
| #define HAVE_MEMORY_H 1
| #define HAVE_STRINGS_H 1
| #define HAVE_INTTYPES_H 1
| #define HAVE_STDINT_H 1
| #define HAVE_UNISTD_H 1
| #define HAVE_ARPA_INET_H 1
| #define HAVE_FCNTL_H 1
| #define HAVE_LIMITS_H 1
| #define HAVE_NETDB_H 1
| #define HAVE_NETINET_IN_H 1
| #define HAVE_STDDEF_H 1
| #define HAVE_STDINT_H 1
| #define HAVE_STDLIB_H 1
| #define HAVE_STRING_H 1
| #define HAVE_SYS_SOCKET_H 1
| #define HAVE_SYS_TIME_H 1
| #define HAVE_SYSLOG_H 1
| #define HAVE_UNISTD_H 1
| /* end confdefs.h.  */
| #include <stdio.h>
| #ifdef HAVE_SYS_TYPES_H
| # include <sys/types.h>
| #endif
| #ifdef HAVE_SYS_STAT_H
| # include <sys/stat.h>
| #endif
| #ifdef STDC_HEADERS
| # include <stdlib.h>
| # include <stddef.h>
| #else
| # ifdef HAVE_STDLIB_H
| #  include <stdlib.h>
| # endif
| #endif
| #ifdef HAVE_STRING_H
| # if !defined STDC_HEADERS && defined HAVE_MEMORY_H
| #  include <memory.h>
| # endif
| # include <string.h>
| #endif
| #ifdef HAVE_STRINGS_H
| # include <strings.h>
| #endif
| #ifdef HAVE_INTTYPES_H
| # include <inttypes.h>
| #endif
| #ifdef HAVE_STDINT_H
| # include <stdint.h>
| #endif
| #ifdef HAVE_UNISTD_H
| # include <unistd.h>
| #endif
| 	        enum { N = 8 / 2 - 1 };
| int
| main ()
| {
| static int test_array [1 - 2 * !((int8_t) (((((int8_t) 1 << N) << N) - 1) * 2 + 1)
| 		 < (int8_t) (((((int8_t) 1 << N) << N) - 1) * 2 + 2))];
| test_array [0] = 0;
| return test_array [0];
| 
|   ;
|   return 0;
| }
configure:4407: result: yes
configure:4418: checking for mode_t
configure:4418: gcc -c -g -O2  conftest.c >&5
configure:4418: $? = 0
configure:4418: gcc -c -g -O2  conftest.c >&5
conftest.c: In function 'main':
conftest.c:72:21: error: expected expression before ')' token
configure:4418: $? = 1
configure: failed program was:
| /* confdefs.h */
| #define PACKAGE_NAME "turnserver"
| #define PACKAGE_TARNAME "turnserver"
| #define PACKAGE_VERSION "0.7.3"
| #define PACKAGE_STRING "turnserver 0.7.3"
| #define PACKAGE_BUGREPORT "http://www.turnserver.org/"
| #define PACKAGE_URL ""
| #define HAVE_LIBRT 1
| #define HAVE_LIBSSL 1
| #define HAVE_LIBCRYPTO 1
| #define HAVE_LIBCONFUSE 1
| #define STDC_HEADERS 1
| #define HAVE_SYS_TYPES_H 1
| #define HAVE_SYS_STAT_H 1
| #define HAVE_STDLIB_H 1
| #define HAVE_STRING_H 1
| #define HAVE_MEMORY_H 1
| #define HAVE_STRINGS_H 1
| #define HAVE_INTTYPES_H 1
| #define HAVE_STDINT_H 1
| #define HAVE_UNISTD_H 1
| #define HAVE_ARPA_INET_H 1
| #define HAVE_FCNTL_H 1
| #define HAVE_LIMITS_H 1
| #define HAVE_NETDB_H 1
| #define HAVE_NETINET_IN_H 1
| #define HAVE_STDDEF_H 1
| #define HAVE_STDINT_H 1
| #define HAVE_STDLIB_H 1
| #define HAVE_STRING_H 1
| #define HAVE_SYS_SOCKET_H 1
| #define HAVE_SYS_TIME_H 1
| #define HAVE_SYSLOG_H 1
| #define HAVE_UNISTD_H 1
| /* end confdefs.h.  */
| #include <stdio.h>
| #ifdef HAVE_SYS_TYPES_H
| # include <sys/types.h>
| #endif
| #ifdef HAVE_SYS_STAT_H
| # include <sys/stat.h>
| #endif
| #ifdef STDC_HEADERS
| # include <stdlib.h>
| # include <stddef.h>
| #else
| # ifdef HAVE_STDLIB_H
| #  include <stdlib.h>
| # endif
| #endif
| #ifdef HAVE_STRING_H
| # if !defined STDC_HEADERS && defined HAVE_MEMORY_H
| #  include <memory.h>
| # endif
| # include <string.h>
| #endif
| #ifdef HAVE_STRINGS_H
| # include <strings.h>
| #endif
| #ifdef HAVE_INTTYPES_H
| # include <inttypes.h>
| #endif
| #ifdef HAVE_STDINT_H
| # include <stdint.h>
| #endif
| #ifdef HAVE_UNISTD_H
| # include <unistd.h>
| #endif
| int
| main ()
| {
| if (sizeof ((mode_t)))
| 	    return 0;
|   ;
|   return 0;
| }
configure:4418: result: yes
configure:4429: checking for pid_t
configure:4429: gcc -c -g -O2  conftest.c >&5
configure:4429: $? = 0
configure:4429: gcc -c -g -O2  conftest.c >&5
conftest.c: In function 'main':
conftest.c:72:20: error: expected expression before ')' token
configure:4429: $? = 1
configure: failed program was:
| /* confdefs.h */
| #define PACKAGE_NAME "turnserver"
| #define PACKAGE_TARNAME "turnserver"
| #define PACKAGE_VERSION "0.7.3"
| #define PACKAGE_STRING "turnserver 0.7.3"
| #define PACKAGE_BUGREPORT "http://www.turnserver.org/"
| #define PACKAGE_URL ""
| #define HAVE_LIBRT 1
| #define HAVE_LIBSSL 1
| #define HAVE_LIBCRYPTO 1
| #define HAVE_LIBCONFUSE 1
| #define STDC_HEADERS 1
| #define HAVE_SYS_TYPES_H 1
| #define HAVE_SYS_STAT_H 1
| #define HAVE_STDLIB_H 1
| #define HAVE_STRING_H 1
| #define HAVE_MEMORY_H 1
| #define HAVE_STRINGS_H 1
| #define HAVE_INTTYPES_H 1
| #define HAVE_STDINT_H 1
| #define HAVE_UNISTD_H 1
| #define HAVE_ARPA_INET_H 1
| #define HAVE_FCNTL_H 1
| #define HAVE_LIMITS_H 1
| #define HAVE_NETDB_H 1
| #define HAVE_NETINET_IN_H 1
| #define HAVE_STDDEF_H 1
| #define HAVE_STDINT_H 1
| #define HAVE_STDLIB_H 1
| #define HAVE_STRING_H 1
| #define HAVE_SYS_SOCKET_H 1
| #define HAVE_SYS_TIME_H 1
| #define HAVE_SYSLOG_H 1
| #define HAVE_UNISTD_H 1
| /* end confdefs.h.  */
| #include <stdio.h>
| #ifdef HAVE_SYS_TYPES_H
| # include <sys/types.h>
| #endif
| #ifdef HAVE_SYS_STAT_H
| # include <sys/stat.h>
| #endif
| #ifdef STDC_HEADERS
| # include <stdlib.h>
| # include <stddef.h>
| #else
| # ifdef HAVE_STDLIB_H
| #  include <stdlib.h>
| # endif
| #endif
| #ifdef HAVE_STRING_H
| # if !defined STDC_HEADERS && defined HAVE_MEMORY_H
| #  include <memory.h>
| # endif
| # include <string.h>
| #endif
| #ifdef HAVE_STRINGS_H
| # include <strings.h>
| #endif
| #ifdef HAVE_INTTYPES_H
| # include <inttypes.h>
| #endif
| #ifdef HAVE_STDINT_H
| # include <stdint.h>
| #endif
| #ifdef HAVE_UNISTD_H
| # include <unistd.h>
| #endif
| int
| main ()
| {
| if (sizeof ((pid_t)))
| 	    return 0;
|   ;
|   return 0;
| }
configure:4429: result: yes
configure:4440: checking for size_t
configure:4440: gcc -c -g -O2  conftest.c >&5
configure:4440: $? = 0
configure:4440: gcc -c -g -O2  conftest.c >&5
conftest.c: In function 'main':
conftest.c:72:21: error: expected expression before ')' token
configure:4440: $? = 1
configure: failed program was:
| /* confdefs.h */
| #define PACKAGE_NAME "turnserver"
| #define PACKAGE_TARNAME "turnserver"
| #define PACKAGE_VERSION "0.7.3"
| #define PACKAGE_STRING "turnserver 0.7.3"
| #define PACKAGE_BUGREPORT "http://www.turnserver.org/"
| #define PACKAGE_URL ""
| #define HAVE_LIBRT 1
| #define HAVE_LIBSSL 1
| #define HAVE_LIBCRYPTO 1
| #define HAVE_LIBCONFUSE 1
| #define STDC_HEADERS 1
| #define HAVE_SYS_TYPES_H 1
| #define HAVE_SYS_STAT_H 1
| #define HAVE_STDLIB_H 1
| #define HAVE_STRING_H 1
| #define HAVE_MEMORY_H 1
| #define HAVE_STRINGS_H 1
| #define HAVE_INTTYPES_H 1
| #define HAVE_STDINT_H 1
| #define HAVE_UNISTD_H 1
| #define HAVE_ARPA_INET_H 1
| #define HAVE_FCNTL_H 1
| #define HAVE_LIMITS_H 1
| #define HAVE_NETDB_H 1
| #define HAVE_NETINET_IN_H 1
| #define HAVE_STDDEF_H 1
| #define HAVE_STDINT_H 1
| #define HAVE_STDLIB_H 1
| #define HAVE_STRING_H 1
| #define HAVE_SYS_SOCKET_H 1
| #define HAVE_SYS_TIME_H 1
| #define HAVE_SYSLOG_H 1
| #define HAVE_UNISTD_H 1
| /* end confdefs.h.  */
| #include <stdio.h>
| #ifdef HAVE_SYS_TYPES_H
| # include <sys/types.h>
| #endif
| #ifdef HAVE_SYS_STAT_H
| # include <sys/stat.h>
| #endif
| #ifdef STDC_HEADERS
| # include <stdlib.h>
| # include <stddef.h>
| #else
| # ifdef HAVE_STDLIB_H
| #  include <stdlib.h>
| # endif
| #endif
| #ifdef HAVE_STRING_H
| # if !defined STDC_HEADERS && defined HAVE_MEMORY_H
| #  include <memory.h>
| # endif
| # include <string.h>
| #endif
| #ifdef HAVE_STRINGS_H
| # include <strings.h>
| #endif
| #ifdef HAVE_INTTYPES_H
| # include <inttypes.h>
| #endif
| #ifdef HAVE_STDINT_H
| # include <stdint.h>
| #endif
| #ifdef HAVE_UNISTD_H
| # include <unistd.h>
| #endif
| int
| main ()
| {
| if (sizeof ((size_t)))
| 	    return 0;
|   ;
|   return 0;
| }
configure:4440: result: yes
configure:4451: checking for ssize_t
configure:4451: gcc -c -g -O2  conftest.c >&5
configure:4451: $? = 0
configure:4451: gcc -c -g -O2  conftest.c >&5
conftest.c: In function 'main':
conftest.c:72:22: error: expected expression before ')' token
configure:4451: $? = 1
configure: failed program was:
| /* confdefs.h */
| #define PACKAGE_NAME "turnserver"
| #define PACKAGE_TARNAME "turnserver"
| #define PACKAGE_VERSION "0.7.3"
| #define PACKAGE_STRING "turnserver 0.7.3"
| #define PACKAGE_BUGREPORT "http://www.turnserver.org/"
| #define PACKAGE_URL ""
| #define HAVE_LIBRT 1
| #define HAVE_LIBSSL 1
| #define HAVE_LIBCRYPTO 1
| #define HAVE_LIBCONFUSE 1
| #define STDC_HEADERS 1
| #define HAVE_SYS_TYPES_H 1
| #define HAVE_SYS_STAT_H 1
| #define HAVE_STDLIB_H 1
| #define HAVE_STRING_H 1
| #define HAVE_MEMORY_H 1
| #define HAVE_STRINGS_H 1
| #define HAVE_INTTYPES_H 1
| #define HAVE_STDINT_H 1
| #define HAVE_UNISTD_H 1
| #define HAVE_ARPA_INET_H 1
| #define HAVE_FCNTL_H 1
| #define HAVE_LIMITS_H 1
| #define HAVE_NETDB_H 1
| #define HAVE_NETINET_IN_H 1
| #define HAVE_STDDEF_H 1
| #define HAVE_STDINT_H 1
| #define HAVE_STDLIB_H 1
| #define HAVE_STRING_H 1
| #define HAVE_SYS_SOCKET_H 1
| #define HAVE_SYS_TIME_H 1
| #define HAVE_SYSLOG_H 1
| #define HAVE_UNISTD_H 1
| /* end confdefs.h.  */
| #include <stdio.h>
| #ifdef HAVE_SYS_TYPES_H
| # include <sys/types.h>
| #endif
| #ifdef HAVE_SYS_STAT_H
| # include <sys/stat.h>
| #endif
| #ifdef STDC_HEADERS
| # include <stdlib.h>
| # include <stddef.h>
| #else
| # ifdef HAVE_STDLIB_H
| #  include <stdlib.h>
| # endif
| #endif
| #ifdef HAVE_STRING_H
| # if !defined STDC_HEADERS && defined HAVE_MEMORY_H
| #  include <memory.h>
| # endif
| # include <string.h>
| #endif
| #ifdef HAVE_STRINGS_H
| # include <strings.h>
| #endif
| #ifdef HAVE_INTTYPES_H
| # include <inttypes.h>
| #endif
| #ifdef HAVE_STDINT_H
| # include <stdint.h>
| #endif
| #ifdef HAVE_UNISTD_H
| # include <unistd.h>
| #endif
| int
| main ()
| {
| if (sizeof ((ssize_t)))
| 	    return 0;
|   ;
|   return 0;
| }
configure:4451: result: yes
configure:4462: checking whether time.h and sys/time.h may both be included
configure:4482: gcc -c -g -O2  conftest.c >&5
configure:4482: $? = 0
configure:4489: result: yes
configure:4497: checking whether struct tm is in sys/time.h or time.h
configure:4517: gcc -c -g -O2  conftest.c >&5
configure:4517: $? = 0
configure:4524: result: time.h
configure:4532: checking for uint16_t
configure:4532: gcc -c -g -O2  conftest.c >&5
configure:4532: $? = 0
configure:4532: result: yes
configure:4544: checking for uint32_t
configure:4544: gcc -c -g -O2  conftest.c >&5
configure:4544: $? = 0
configure:4544: result: yes
configure:4558: checking for uint64_t
configure:4558: gcc -c -g -O2  conftest.c >&5
configure:4558: $? = 0
configure:4558: result: yes
configure:4572: checking for uint8_t
configure:4572: gcc -c -g -O2  conftest.c >&5
configure:4572: $? = 0
configure:4572: result: yes
configure:4586: checking for working volatile
configure:4605: gcc -c -g -O2  conftest.c >&5
configure:4605: $? = 0
configure:4612: result: yes
configure:4729: checking for doxygen
configure:4762: result: no
configure:4782: WARNING: doxygen not found - will not generate any doxygen documentation
configure:4835: checking for perl
configure:4853: found /usr/bin/perl
configure:4865: result: /usr/bin/perl
configure:6593: checking for a BSD-compatible install
configure:6661: result: /usr/bin/install -c
configure:6672: checking whether build environment is sane
configure:6722: result: yes
configure:6747: WARNING: `missing' script is too old or missing
configure:6860: checking for a thread-safe mkdir -p
configure:6899: result: /bin/mkdir -p
configure:6912: checking for gawk
configure:6942: result: no
configure:6912: checking for mawk
configure:6928: found /usr/bin/mawk
configure:6939: result: mawk
configure:6950: checking whether make sets $(MAKE)
configure:6972: result: yes
configure:7002: checking for style of include used by make
configure:7030: result: GNU
configure:7116: checking dependency style of gcc
configure:7227: result: gcc3
configure:7247: checking vfork.h usability
configure:7247: gcc -c -g -O2  conftest.c >&5
conftest.c:72:19: fatal error: vfork.h: No such file or directory
compilation terminated.
configure:7247: $? = 1
configure: failed program was:
| /* confdefs.h */
| #define PACKAGE_NAME "turnserver"
| #define PACKAGE_TARNAME "turnserver"
| #define PACKAGE_VERSION "0.7.3"
| #define PACKAGE_STRING "turnserver 0.7.3"
| #define PACKAGE_BUGREPORT "http://www.turnserver.org/"
| #define PACKAGE_URL ""
| #define HAVE_LIBRT 1
| #define HAVE_LIBSSL 1
| #define HAVE_LIBCRYPTO 1
| #define HAVE_LIBCONFUSE 1
| #define STDC_HEADERS 1
| #define HAVE_SYS_TYPES_H 1
| #define HAVE_SYS_STAT_H 1
| #define HAVE_STDLIB_H 1
| #define HAVE_STRING_H 1
| #define HAVE_MEMORY_H 1
| #define HAVE_STRINGS_H 1
| #define HAVE_INTTYPES_H 1
| #define HAVE_STDINT_H 1
| #define HAVE_UNISTD_H 1
| #define HAVE_ARPA_INET_H 1
| #define HAVE_FCNTL_H 1
| #define HAVE_LIMITS_H 1
| #define HAVE_NETDB_H 1
| #define HAVE_NETINET_IN_H 1
| #define HAVE_STDDEF_H 1
| #define HAVE_STDINT_H 1
| #define HAVE_STDLIB_H 1
| #define HAVE_STRING_H 1
| #define HAVE_SYS_SOCKET_H 1
| #define HAVE_SYS_TIME_H 1
| #define HAVE_SYSLOG_H 1
| #define HAVE_UNISTD_H 1
| #define TIME_WITH_SYS_TIME 1
| #define PACKAGE "turnserver"
| #define VERSION "0.7.3"
| /* end confdefs.h.  */
| #include <stdio.h>
| #ifdef HAVE_SYS_TYPES_H
| # include <sys/types.h>
| #endif
| #ifdef HAVE_SYS_STAT_H
| # include <sys/stat.h>
| #endif
| #ifdef STDC_HEADERS
| # include <stdlib.h>
| # include <stddef.h>
| #else
| # ifdef HAVE_STDLIB_H
| #  include <stdlib.h>
| # endif
| #endif
| #ifdef HAVE_STRING_H
| # if !defined STDC_HEADERS && defined HAVE_MEMORY_H
| #  include <memory.h>
| # endif
| # include <string.h>
| #endif
| #ifdef HAVE_STRINGS_H
| # include <strings.h>
| #endif
| #ifdef HAVE_INTTYPES_H
| # include <inttypes.h>
| #endif
| #ifdef HAVE_STDINT_H
| # include <stdint.h>
| #endif
| #ifdef HAVE_UNISTD_H
| # include <unistd.h>
| #endif
| #include <vfork.h>
configure:7247: result: no
configure:7247: checking vfork.h presence
configure:7247: gcc -E  conftest.c
conftest.c:39:19: fatal error: vfork.h: No such file or directory
compilation terminated.
configure:7247: $? = 1
configure: failed program was:
| /* confdefs.h */
| #define PACKAGE_NAME "turnserver"
| #define PACKAGE_TARNAME "turnserver"
| #define PACKAGE_VERSION "0.7.3"
| #define PACKAGE_STRING "turnserver 0.7.3"
| #define PACKAGE_BUGREPORT "http://www.turnserver.org/"
| #define PACKAGE_URL ""
| #define HAVE_LIBRT 1
| #define HAVE_LIBSSL 1
| #define HAVE_LIBCRYPTO 1
| #define HAVE_LIBCONFUSE 1
| #define STDC_HEADERS 1
| #define HAVE_SYS_TYPES_H 1
| #define HAVE_SYS_STAT_H 1
| #define HAVE_STDLIB_H 1
| #define HAVE_STRING_H 1
| #define HAVE_MEMORY_H 1
| #define HAVE_STRINGS_H 1
| #define HAVE_INTTYPES_H 1
| #define HAVE_STDINT_H 1
| #define HAVE_UNISTD_H 1
| #define HAVE_ARPA_INET_H 1
| #define HAVE_FCNTL_H 1
| #define HAVE_LIMITS_H 1
| #define HAVE_NETDB_H 1
| #define HAVE_NETINET_IN_H 1
| #define HAVE_STDDEF_H 1
| #define HAVE_STDINT_H 1
| #define HAVE_STDLIB_H 1
| #define HAVE_STRING_H 1
| #define HAVE_SYS_SOCKET_H 1
| #define HAVE_SYS_TIME_H 1
| #define HAVE_SYSLOG_H 1
| #define HAVE_UNISTD_H 1
| #define TIME_WITH_SYS_TIME 1
| #define PACKAGE "turnserver"
| #define VERSION "0.7.3"
| /* end confdefs.h.  */
| #include <vfork.h>
configure:7247: result: no
configure:7247: checking for vfork.h
configure:7247: result: no
configure:7260: checking for fork
configure:7260: gcc -o conftest -g -O2   conftest.c -lconfuse -lcrypto -lssl -lrt  >&5
conftest.c:62:6: warning: conflicting types for built-in function 'fork' [enabled by default]
configure:7260: $? = 0
configure:7260: result: yes
configure:7260: checking for vfork
configure:7260: gcc -o conftest -g -O2   conftest.c -lconfuse -lcrypto -lssl -lrt  >&5
configure:7260: $? = 0
configure:7260: result: yes
configure:7270: checking for working fork
configure:7292: gcc -o conftest -g -O2   conftest.c -lconfuse -lcrypto -lssl -lrt  >&5
configure:7292: $? = 0
configure:7292: ./conftest
configure:7292: $? = 0
configure:7302: result: yes
configure:7323: checking for working vfork
configure:7433: result: yes
configure:7460: checking for stdlib.h
configure:7460: result: yes
configure:7470: checking for GNU libc compatible malloc
configure:7494: gcc -o conftest -g -O2   conftest.c -lconfuse -lcrypto -lssl -lrt  >&5
configure:7494: $? = 0
configure:7494: ./conftest
configure:7494: $? = 0
configure:7504: result: yes
configure:7525: checking for working memcmp
configure:7568: gcc -o conftest -g -O2   conftest.c -lconfuse -lcrypto -lssl -lrt  >&5
configure:7568: $? = 0
configure:7568: ./conftest
configure:7568: $? = 0
configure:7578: result: yes
configure:7590: checking sys/select.h usability
configure:7590: gcc -c -g -O2  conftest.c >&5
configure:7590: $? = 0
configure:7590: result: yes
configure:7590: checking sys/select.h presence
configure:7590: gcc -E  conftest.c
configure:7590: $? = 0
configure:7590: result: yes
configure:7590: checking for sys/select.h
configure:7590: result: yes
configure:7590: checking for sys/socket.h
configure:7590: result: yes
configure:7600: checking types of arguments for select
configure:7628: gcc -c -g -O2  conftest.c >&5
configure:7628: $? = 0
configure:7639: result: int,fd_set *,struct timeval *
configure:7662: checking return type of signal handlers
configure:7680: gcc -c -g -O2  conftest.c >&5
conftest.c: In function 'main':
conftest.c:56:1: error: void value not ignored as it ought to be
configure:7680: $? = 1
configure: failed program was:
| /* confdefs.h */
| #define PACKAGE_NAME "turnserver"
| #define PACKAGE_TARNAME "turnserver"
| #define PACKAGE_VERSION "0.7.3"
| #define PACKAGE_STRING "turnserver 0.7.3"
| #define PACKAGE_BUGREPORT "http://www.turnserver.org/"
| #define PACKAGE_URL ""
| #define HAVE_LIBRT 1
| #define HAVE_LIBSSL 1
| #define HAVE_LIBCRYPTO 1
| #define HAVE_LIBCONFUSE 1
| #define STDC_HEADERS 1
| #define HAVE_SYS_TYPES_H 1
| #define HAVE_SYS_STAT_H 1
| #define HAVE_STDLIB_H 1
| #define HAVE_STRING_H 1
| #define HAVE_MEMORY_H 1
| #define HAVE_STRINGS_H 1
| #define HAVE_INTTYPES_H 1
| #define HAVE_STDINT_H 1
| #define HAVE_UNISTD_H 1
| #define HAVE_ARPA_INET_H 1
| #define HAVE_FCNTL_H 1
| #define HAVE_LIMITS_H 1
| #define HAVE_NETDB_H 1
| #define HAVE_NETINET_IN_H 1
| #define HAVE_STDDEF_H 1
| #define HAVE_STDINT_H 1
| #define HAVE_STDLIB_H 1
| #define HAVE_STRING_H 1
| #define HAVE_SYS_SOCKET_H 1
| #define HAVE_SYS_TIME_H 1
| #define HAVE_SYSLOG_H 1
| #define HAVE_UNISTD_H 1
| #define TIME_WITH_SYS_TIME 1
| #define PACKAGE "turnserver"
| #define VERSION "0.7.3"
| #define HAVE_FORK 1
| #define HAVE_VFORK 1
| #define HAVE_WORKING_VFORK 1
| #define HAVE_WORKING_FORK 1
| #define HAVE_STDLIB_H 1
| #define HAVE_MALLOC 1
| #define HAVE_SYS_SELECT_H 1
| #define HAVE_SYS_SOCKET_H 1
| #define SELECT_TYPE_ARG1 int
| #define SELECT_TYPE_ARG234 (fd_set *)
| #define SELECT_TYPE_ARG5 (struct timeval *)
| /* end confdefs.h.  */
| #include <sys/types.h>
| #include <signal.h>
| 
| int
| main ()
| {
| return *(signal (0, 0)) (0) == 1;
|   ;
|   return 0;
| }
configure:7687: result: void
configure:7695: checking whether strerror_r is declared
configure:7695: gcc -c -g -O2  conftest.c >&5
configure:7695: $? = 0
configure:7695: result: yes
configure:7708: checking for strerror_r
configure:7708: gcc -o conftest -g -O2   conftest.c -lconfuse -lcrypto -lssl -lrt  >&5
configure:7708: $? = 0
configure:7708: result: yes
configure:7717: checking whether strerror_r returns char *
configure:7741: gcc -c -g -O2  conftest.c >&5
conftest.c: In function 'main':
conftest.c:91:13: error: invalid type argument of unary '*' (have 'int')
conftest.c:92:14: warning: initialization makes pointer from integer without a cast [enabled by default]
configure:7741: $? = 1
configure: failed program was:
| /* confdefs.h */
| #define PACKAGE_NAME "turnserver"
| #define PACKAGE_TARNAME "turnserver"
| #define PACKAGE_VERSION "0.7.3"
| #define PACKAGE_STRING "turnserver 0.7.3"
| #define PACKAGE_BUGREPORT "http://www.turnserver.org/"
| #define PACKAGE_URL ""
| #define HAVE_LIBRT 1
| #define HAVE_LIBSSL 1
| #define HAVE_LIBCRYPTO 1
| #define HAVE_LIBCONFUSE 1
| #define STDC_HEADERS 1
| #define HAVE_SYS_TYPES_H 1
| #define HAVE_SYS_STAT_H 1
| #define HAVE_STDLIB_H 1
| #define HAVE_STRING_H 1
| #define HAVE_MEMORY_H 1
| #define HAVE_STRINGS_H 1
| #define HAVE_INTTYPES_H 1
| #define HAVE_STDINT_H 1
| #define HAVE_UNISTD_H 1
| #define HAVE_ARPA_INET_H 1
| #define HAVE_FCNTL_H 1
| #define HAVE_LIMITS_H 1
| #define HAVE_NETDB_H 1
| #define HAVE_NETINET_IN_H 1
| #define HAVE_STDDEF_H 1
| #define HAVE_STDINT_H 1
| #define HAVE_STDLIB_H 1
| #define HAVE_STRING_H 1
| #define HAVE_SYS_SOCKET_H 1
| #define HAVE_SYS_TIME_H 1
| #define HAVE_SYSLOG_H 1
| #define HAVE_UNISTD_H 1
| #define TIME_WITH_SYS_TIME 1
| #define PACKAGE "turnserver"
| #define VERSION "0.7.3"
| #define HAVE_FORK 1
| #define HAVE_VFORK 1
| #define HAVE_WORKING_VFORK 1
| #define HAVE_WORKING_FORK 1
| #define HAVE_STDLIB_H 1
| #define HAVE_MALLOC 1
| #define HAVE_SYS_SELECT_H 1
| #define HAVE_SYS_SOCKET_H 1
| #define SELECT_TYPE_ARG1 int
| #define SELECT_TYPE_ARG234 (fd_set *)
| #define SELECT_TYPE_ARG5 (struct timeval *)
| #define RETSIGTYPE void
| #define HAVE_DECL_STRERROR_R 1
| #define HAVE_STRERROR_R 1
| /* end confdefs.h.  */
| #include <stdio.h>
| #ifdef HAVE_SYS_TYPES_H
| # include <sys/types.h>
| #endif
| #ifdef HAVE_SYS_STAT_H
| # include <sys/stat.h>
| #endif
| #ifdef STDC_HEADERS
| # include <stdlib.h>
| # include <stddef.h>
| #else
| # ifdef HAVE_STDLIB_H
| #  include <stdlib.h>
| # endif
| #endif
| #ifdef HAVE_STRING_H
| # if !defined STDC_HEADERS && defined HAVE_MEMORY_H
| #  include <memory.h>
| # endif
| # include <string.h>
| #endif
| #ifdef HAVE_STRINGS_H
| # include <strings.h>
| #endif
| #ifdef HAVE_INTTYPES_H
| # include <inttypes.h>
| #endif
| #ifdef HAVE_STDINT_H
| # include <stdint.h>
| #endif
| #ifdef HAVE_UNISTD_H
| # include <unistd.h>
| #endif
| int
| main ()
| {
| 
| 	  char buf[100];
| 	  char x = *strerror_r (0, buf, sizeof buf);
| 	  char *p = strerror_r (0, buf, sizeof buf);
| 	  return !p || x;
| 
|   ;
|   return 0;
| }
configure:7779: result: no
configure:7789: checking for vprintf
configure:7789: gcc -o conftest -g -O2   conftest.c -lconfuse -lcrypto -lssl -lrt  >&5
conftest.c:76:6: warning: conflicting types for built-in function 'vprintf' [enabled by default]
configure:7789: $? = 0
configure:7789: result: yes
configure:7795: checking for _doprnt
configure:7795: gcc -o conftest -g -O2   conftest.c -lconfuse -lcrypto -lssl -lrt  >&5
/tmp/cceREayi.o: In function `main':
/home/pnz/project/cpp/pjsip/demo/turnserver-0.7.3/conftest.c:88: undefined reference to `_doprnt'
collect2: error: ld returned 1 exit status
configure:7795: $? = 1
configure: failed program was:
| /* confdefs.h */
| #define PACKAGE_NAME "turnserver"
| #define PACKAGE_TARNAME "turnserver"
| #define PACKAGE_VERSION "0.7.3"
| #define PACKAGE_STRING "turnserver 0.7.3"
| #define PACKAGE_BUGREPORT "http://www.turnserver.org/"
| #define PACKAGE_URL ""
| #define HAVE_LIBRT 1
| #define HAVE_LIBSSL 1
| #define HAVE_LIBCRYPTO 1
| #define HAVE_LIBCONFUSE 1
| #define STDC_HEADERS 1
| #define HAVE_SYS_TYPES_H 1
| #define HAVE_SYS_STAT_H 1
| #define HAVE_STDLIB_H 1
| #define HAVE_STRING_H 1
| #define HAVE_MEMORY_H 1
| #define HAVE_STRINGS_H 1
| #define HAVE_INTTYPES_H 1
| #define HAVE_STDINT_H 1
| #define HAVE_UNISTD_H 1
| #define HAVE_ARPA_INET_H 1
| #define HAVE_FCNTL_H 1
| #define HAVE_LIMITS_H 1
| #define HAVE_NETDB_H 1
| #define HAVE_NETINET_IN_H 1
| #define HAVE_STDDEF_H 1
| #define HAVE_STDINT_H 1
| #define HAVE_STDLIB_H 1
| #define HAVE_STRING_H 1
| #define HAVE_SYS_SOCKET_H 1
| #define HAVE_SYS_TIME_H 1
| #define HAVE_SYSLOG_H 1
| #define HAVE_UNISTD_H 1
| #define TIME_WITH_SYS_TIME 1
| #define PACKAGE "turnserver"
| #define VERSION "0.7.3"
| #define HAVE_FORK 1
| #define HAVE_VFORK 1
| #define HAVE_WORKING_VFORK 1
| #define HAVE_WORKING_FORK 1
| #define HAVE_STDLIB_H 1
| #define HAVE_MALLOC 1
| #define HAVE_SYS_SELECT_H 1
| #define HAVE_SYS_SOCKET_H 1
| #define SELECT_TYPE_ARG1 int
| #define SELECT_TYPE_ARG234 (fd_set *)
| #define SELECT_TYPE_ARG5 (struct timeval *)
| #define RETSIGTYPE void
| #define HAVE_DECL_STRERROR_R 1
| #define HAVE_STRERROR_R 1
| #define HAVE_VPRINTF 1
| /* end confdefs.h.  */
| /* Define _doprnt to an innocuous variant, in case <limits.h> declares _doprnt.
|    For example, HP-UX 11i <limits.h> declares gettimeofday.  */
| #define _doprnt innocuous__doprnt
| 
| /* System header to define __stub macros and hopefully few prototypes,
|     which can conflict with char _doprnt (); below.
|     Prefer <limits.h> to <assert.h> if __STDC__ is defined, since
|     <limits.h> exists even on freestanding compilers.  */
| 
| #ifdef __STDC__
| # include <limits.h>
| #else
| # include <assert.h>
| #endif
| 
| #undef _doprnt
| 
| /* Override any GCC internal prototype to avoid an error.
|    Use char because int might match the return type of a GCC
|    builtin and then its argument prototype would still apply.  */
| #ifdef __cplusplus
| extern "C"
| #endif
| char _doprnt ();
| /* The GNU C library defines this for functions which it implements
|     to always fail with ENOSYS.  Some functions are actually named
|     something starting with __ and the normal name is an alias.  */
| #if defined __stub__doprnt || defined __stub____doprnt
| choke me
| #endif
| 
| int
| main ()
| {
| return _doprnt ();
|   ;
|   return 0;
| }
configure:7795: result: no
configure:7809: checking for dup2
configure:7809: gcc -o conftest -g -O2   conftest.c -lconfuse -lcrypto -lssl -lrt  >&5
configure:7809: $? = 0
configure:7809: result: yes
configure:7809: checking for gettimeofday
configure:7809: gcc -o conftest -g -O2   conftest.c -lconfuse -lcrypto -lssl -lrt  >&5
configure:7809: $? = 0
configure:7809: result: yes
configure:7809: checking for memset
configure:7809: gcc -o conftest -g -O2   conftest.c -lconfuse -lcrypto -lssl -lrt  >&5
conftest.c:79:6: warning: conflicting types for built-in function 'memset' [enabled by default]
configure:7809: $? = 0
configure:7809: result: yes
configure:7809: checking for select
configure:7809: gcc -o conftest -g -O2   conftest.c -lconfuse -lcrypto -lssl -lrt  >&5
configure:7809: $? = 0
configure:7809: result: yes
configure:7809: checking for pselect
configure:7809: gcc -o conftest -g -O2   conftest.c -lconfuse -lcrypto -lssl -lrt  >&5
configure:7809: $? = 0
configure:7809: result: yes
configure:7809: checking for socket
configure:7809: gcc -o conftest -g -O2   conftest.c -lconfuse -lcrypto -lssl -lrt  >&5
configure:7809: $? = 0
configure:7809: result: yes
configure:7809: checking for strchr
configure:7809: gcc -o conftest -g -O2   conftest.c -lconfuse -lcrypto -lssl -lrt  >&5
conftest.c:83:6: warning: conflicting types for built-in function 'strchr' [enabled by default]
configure:7809: $? = 0
configure:7809: result: yes
configure:7809: checking for strdup
configure:7809: gcc -o conftest -g -O2   conftest.c -lconfuse -lcrypto -lssl -lrt  >&5
conftest.c:84:6: warning: conflicting types for built-in function 'strdup' [enabled by default]
configure:7809: $? = 0
configure:7809: result: yes
configure:7809: checking for strerror
configure:7809: gcc -o conftest -g -O2   conftest.c -lconfuse -lcrypto -lssl -lrt  >&5
configure:7809: $? = 0
configure:7809: result: yes
configure:7809: checking for sigaction
configure:7809: gcc -o conftest -g -O2   conftest.c -lconfuse -lcrypto -lssl -lrt  >&5
configure:7809: $? = 0
configure:7809: result: yes
configure:7809: checking for signal
configure:7809: gcc -o conftest -g -O2   conftest.c -lconfuse -lcrypto -lssl -lrt  >&5
configure:7809: $? = 0
configure:7809: result: yes
configure:8101: creating ./config.status

## ---------------------- ##
## Running config.status. ##
## ---------------------- ##

This file was extended by turnserver config.status 0.7.3, which was
generated by GNU Autoconf 2.69.  Invocation command line was

  CONFIG_FILES    = 
  CONFIG_HEADERS  = 
  CONFIG_LINKS    = 
  CONFIG_COMMANDS = 
  $ ./config.status 

on debian7

config.status:954: creating Makefile
config.status:954: creating Doxyfile
config.status:954: creating src/Makefile
config.status:954: creating man/Makefile
config.status:954: creating doc/Makefile
config.status:954: creating extra/Makefile
config.status:954: creating test/Makefile
config.status:954: creating config.h
config.status:1183: executing depfiles commands
configure:9432: Configuration

turnserver version 0.7.3
  Enable debug build: .............. no
  User-defined FD_SETSIZE: ......... no
  User-defined XOR_PEER_ADDRESS_MAX: 5


## ---------------- ##
## Cache variables. ##
## ---------------- ##

ac_cv_c_compiler_gnu=yes
ac_cv_c_const=yes
ac_cv_c_inline=inline
ac_cv_c_int16_t=yes
ac_cv_c_int32_t=yes
ac_cv_c_int64_t=yes
ac_cv_c_int8_t=yes
ac_cv_c_uint16_t=yes
ac_cv_c_uint32_t=yes
ac_cv_c_uint64_t=yes
ac_cv_c_uint8_t=yes
ac_cv_c_volatile=yes
ac_cv_env_CC_set=
ac_cv_env_CC_value=
ac_cv_env_CFLAGS_set=
ac_cv_env_CFLAGS_value=
ac_cv_env_CHECK_CFLAGS_set=
ac_cv_env_CHECK_CFLAGS_value=
ac_cv_env_CHECK_LIBS_set=
ac_cv_env_CHECK_LIBS_value=
ac_cv_env_CPPFLAGS_set=
ac_cv_env_CPPFLAGS_value=
ac_cv_env_CPP_set=
ac_cv_env_CPP_value=
ac_cv_env_DOXYGEN_PAPER_SIZE_set=
ac_cv_env_DOXYGEN_PAPER_SIZE_value=
ac_cv_env_LDFLAGS_set=
ac_cv_env_LDFLAGS_value=
ac_cv_env_LIBS_set=
ac_cv_env_LIBS_value=
ac_cv_env_PKG_CONFIG_LIBDIR_set=
ac_cv_env_PKG_CONFIG_LIBDIR_value=
ac_cv_env_PKG_CONFIG_PATH_set=
ac_cv_env_PKG_CONFIG_PATH_value=
ac_cv_env_PKG_CONFIG_set=
ac_cv_env_PKG_CONFIG_value=
ac_cv_env_build_alias_set=
ac_cv_env_build_alias_value=
ac_cv_env_host_alias_set=
ac_cv_env_host_alias_value=
ac_cv_env_target_alias_set=
ac_cv_env_target_alias_value=
ac_cv_func__doprnt=no
ac_cv_func_dup2=yes
ac_cv_func_fork=yes
ac_cv_func_fork_works=yes
ac_cv_func_gettimeofday=yes
ac_cv_func_malloc_0_nonnull=yes
ac_cv_func_memcmp_working=yes
ac_cv_func_memset=yes
ac_cv_func_pselect=yes
ac_cv_func_select=yes
ac_cv_func_select_args='int,fd_set *,struct timeval *'
ac_cv_func_sigaction=yes
ac_cv_func_signal=yes
ac_cv_func_socket=yes
ac_cv_func_strchr=yes
ac_cv_func_strdup=yes
ac_cv_func_strerror=yes
ac_cv_func_strerror_r=yes
ac_cv_func_strerror_r_char_p=no
ac_cv_func_vfork=yes
ac_cv_func_vfork_works=yes
ac_cv_func_vprintf=yes
ac_cv_have_decl_strerror_r=yes
ac_cv_header_arpa_inet_h=yes
ac_cv_header_fcntl_h=yes
ac_cv_header_inttypes_h=yes
ac_cv_header_limits_h=yes
ac_cv_header_memory_h=yes
ac_cv_header_netdb_h=yes
ac_cv_header_netinet_in_h=yes
ac_cv_header_stdc=yes
ac_cv_header_stddef_h=yes
ac_cv_header_stdint_h=yes
ac_cv_header_stdlib_h=yes
ac_cv_header_string_h=yes
ac_cv_header_strings_h=yes
ac_cv_header_sys_select_h=yes
ac_cv_header_sys_socket_h=yes
ac_cv_header_sys_stat_h=yes
ac_cv_header_sys_time_h=yes
ac_cv_header_sys_types_h=yes
ac_cv_header_syslog_h=yes
ac_cv_header_time=yes
ac_cv_header_unistd_h=yes
ac_cv_header_vfork_h=no
ac_cv_lib_confuse_cfg_init=yes
ac_cv_lib_crypto_ERR_reason_error_string=yes
ac_cv_lib_rt_timer_create=yes
ac_cv_lib_ssl_SSL_new=yes
ac_cv_objext=o
ac_cv_path_EGREP='/bin/grep -E'
ac_cv_path_GREP=/bin/grep
ac_cv_path_ac_pt_DX_PERL=/usr/bin/perl
ac_cv_path_ac_pt_PKG_CONFIG=/usr/bin/pkg-config
ac_cv_path_install='/usr/bin/install -c'
ac_cv_path_mkdir=/bin/mkdir
ac_cv_prog_AWK=mawk
ac_cv_prog_CPP='gcc -E'
ac_cv_prog_SED=sed
ac_cv_prog_ac_ct_CC=gcc
ac_cv_prog_cc_c89=
ac_cv_prog_cc_g=yes
ac_cv_prog_cc_gcc_c_o=yes
ac_cv_prog_make_make_set=yes
ac_cv_struct_tm=time.h
ac_cv_type_mode_t=yes
ac_cv_type_pid_t=yes
ac_cv_type_signal=void
ac_cv_type_size_t=yes
ac_cv_type_ssize_t=yes
ac_cv_type_uid_t=yes
am_cv_CC_dependencies_compiler_type=gcc3
pkg_cv_CHECK_CFLAGS=' '
pkg_cv_CHECK_LIBS='-lcheck_pic  '

## ----------------- ##
## Output variables. ##
## ----------------- ##

ACLOCAL='aclocal-1.11'
AMDEPBACKSLASH='\'
AMDEP_FALSE='#'
AMDEP_TRUE=''
AMTAR='$${TAR-tar}'
AUTOCONF='autoconf'
AUTOHEADER='autoheader'
AUTOMAKE='automake-1.11'
AWK='mawk'
CC='gcc'
CCDEPMODE='depmode=gcc3'
CFLAGS='-g -O2'
CHECK_CFLAGS=' '
CHECK_LIBS='-lcheck_pic  '
CPP='gcc -E'
CPPFLAGS=''
CYGPATH_W='echo'
DEFS='-DHAVE_CONFIG_H'
DEPDIR='.deps'
DOXYGEN_PAPER_SIZE=''
DX_COND_chi_FALSE=''
DX_COND_chi_TRUE='#'
DX_COND_chm_FALSE=''
DX_COND_chm_TRUE='#'
DX_COND_doc_FALSE=''
DX_COND_doc_TRUE='#'
DX_COND_dot_FALSE=''
DX_COND_dot_TRUE='#'
DX_COND_html_FALSE=''
DX_COND_html_TRUE='#'
DX_COND_latex_FALSE=''
DX_COND_latex_TRUE='#'
DX_COND_man_FALSE=''
DX_COND_man_TRUE='#'
DX_COND_pdf_FALSE=''
DX_COND_pdf_TRUE='#'
DX_COND_ps_FALSE=''
DX_COND_ps_TRUE='#'
DX_COND_rtf_FALSE=''
DX_COND_rtf_TRUE='#'
DX_COND_xml_FALSE=''
DX_COND_xml_TRUE='#'
DX_CONFIG='Doxyfile'
DX_DOCDIR='doc/html'
DX_DOT=''
DX_DOXYGEN=''
DX_DVIPS=''
DX_EGREP=''
DX_ENV=' SRCDIR='\''.'\'' PROJECT='\''turnserver'\'' DOCDIR='\''doc/html'\'' VERSION='\''0.7.3'\'' HAVE_DOT='\''NO'\'' GENERATE_MAN='\''NO'\'' GENERATE_RTF='\''NO'\'' GENERATE_XML='\''NO'\'' GENERATE_HTMLHELP='\''NO'\'' GENERATE_CHI='\''NO'\'' GENERATE_HTML='\''NO'\'' GENERATE_LATEX='\''NO'\'''
DX_FLAG_chi='0'
DX_FLAG_chm='0'
DX_FLAG_doc='0'
DX_FLAG_dot='0'
DX_FLAG_html='0'
DX_FLAG_man='0'
DX_FLAG_pdf='0'
DX_FLAG_ps='0'
DX_FLAG_rtf='0'
DX_FLAG_xml='0'
DX_HHC=''
DX_LATEX=''
DX_MAKEINDEX=''
DX_PDFLATEX=''
DX_PERL='/usr/bin/perl'
DX_PROJECT='turnserver'
ECHO_C=''
ECHO_N='-n'
ECHO_T=''
EGREP='/bin/grep -E'
ENABLE_DEBUG_BUILD_FALSE=''
ENABLE_DEBUG_BUILD_TRUE='#'
EXEEXT=''
GREP='/bin/grep'
INSTALL_DATA='${INSTALL} -m 644'
INSTALL_PROGRAM='${INSTALL}'
INSTALL_SCRIPT='${INSTALL}'
INSTALL_STRIP_PROGRAM='$(install_sh) -c -s'
LDFLAGS=''
LIBOBJS=''
LIBS='-lconfuse -lcrypto -lssl -lrt '
LTLIBOBJS=''
MAKEINFO='makeinfo'
MKDIR_P='/bin/mkdir -p'
OBJEXT='o'
PACKAGE='turnserver'
PACKAGE_BUGREPORT='http://www.turnserver.org/'
PACKAGE_NAME='turnserver'
PACKAGE_STRING='turnserver 0.7.3'
PACKAGE_TARNAME='turnserver'
PACKAGE_URL=''
PACKAGE_VERSION='0.7.3'
PATH_SEPARATOR=':'
PKG_CONFIG='/usr/bin/pkg-config'
PKG_CONFIG_LIBDIR=''
PKG_CONFIG_PATH=''
SED='sed'
SET_MAKE=''
SHELL='/bin/sh'
STRIP=''
VERSION='0.7.3'
ac_ct_CC='gcc'
am__EXEEXT_FALSE=''
am__EXEEXT_TRUE='#'
am__fastdepCC_FALSE='#'
am__fastdepCC_TRUE=''
am__include='include'
am__isrc=''
am__leading_dot='.'
am__nodep='_no'
am__quote=''
am__tar='$${TAR-tar} chof - "$$tardir"'
am__untar='$${TAR-tar} xf -'
bindir='${exec_prefix}/bin'
build_alias=''
datadir='${datarootdir}'
datarootdir='${prefix}/share'
docdir='${datarootdir}/doc/${PACKAGE_TARNAME}'
dvidir='${docdir}'
exec_prefix='${prefix}'
host_alias=''
htmldir='${docdir}'
includedir='${prefix}/include'
infodir='${datarootdir}/info'
install_sh='${SHELL} /home/pnz/install-sh'
libdir='${exec_prefix}/lib'
libexecdir='${exec_prefix}/libexec'
localedir='${datarootdir}/locale'
localstatedir='${prefix}/var'
mandir='${datarootdir}/man'
mkdir_p='/bin/mkdir -p'
oldincludedir='/usr/include'
pdfdir='${docdir}'
prefix='/usr/local'
program_transform_name='s,x,x,'
psdir='${docdir}'
sbindir='${exec_prefix}/sbin'
sharedstatedir='${prefix}/com'
sysconfdir='${prefix}/etc'
target_alias=''

## ----------- ##
## confdefs.h. ##
## ----------- ##

/* confdefs.h */
#define PACKAGE_NAME "turnserver"
#define PACKAGE_TARNAME "turnserver"
#define PACKAGE_VERSION "0.7.3"
#define PACKAGE_STRING "turnserver 0.7.3"
#define PACKAGE_BUGREPORT "http://www.turnserver.org/"
#define PACKAGE_URL ""
#define HAVE_LIBRT 1
#define HAVE_LIBSSL 1
#define HAVE_LIBCRYPTO 1
#define HAVE_LIBCONFUSE 1
#define STDC_HEADERS 1
#define HAVE_SYS_TYPES_H 1
#define HAVE_SYS_STAT_H 1
#define HAVE_STDLIB_H 1
#define HAVE_STRING_H 1
#define HAVE_MEMORY_H 1
#define HAVE_STRINGS_H 1
#define HAVE_INTTYPES_H 1
#define HAVE_STDINT_H 1
#define HAVE_UNISTD_H 1
#define HAVE_ARPA_INET_H 1
#define HAVE_FCNTL_H 1
#define HAVE_LIMITS_H 1
#define HAVE_NETDB_H 1
#define HAVE_NETINET_IN_H 1
#define HAVE_STDDEF_H 1
#define HAVE_STDINT_H 1
#define HAVE_STDLIB_H 1
#define HAVE_STRING_H 1
#define HAVE_SYS_SOCKET_H 1
#define HAVE_SYS_TIME_H 1
#define HAVE_SYSLOG_H 1
#define HAVE_UNISTD_H 1
#define TIME_WITH_SYS_TIME 1
#define PACKAGE "turnserver"
#define VERSION "0.7.3"
#define HAVE_FORK 1
#define HAVE_VFORK 1
#define HAVE_WORKING_VFORK 1
#define HAVE_WORKING_FORK 1
#define HAVE_STDLIB_H 1
#define HAVE_MALLOC 1
#define HAVE_SYS_SELECT_H 1
#define HAVE_SYS_SOCKET_H 1
#define SELECT_TYPE_ARG1 int
#define SELECT_TYPE_ARG234 (fd_set *)
#define SELECT_TYPE_ARG5 (struct timeval *)
#define RETSIGTYPE void
#define HAVE_DECL_STRERROR_R 1
#define HAVE_STRERROR_R 1
#define HAVE_VPRINTF 1
#define HAVE_DUP2 1
#define HAVE_GETTIMEOFDAY 1
#define HAVE_MEMSET 1
#define HAVE_SELECT 1
#define HAVE_PSELECT 1
#define HAVE_SOCKET 1
#define HAVE_STRCHR 1
#define HAVE_STRDUP 1
#define HAVE_STRERROR 1
#define HAVE_SIGACTION 1
#define HAVE_SIGNAL 1
#define XOR_PEER_ADDRESS_MAX 5

configure: exit 0

## ---------------------- ##
## Running config.status. ##
## ---------------------- ##

This file was extended by turnserver config.status 0.7.3, which was
generated by GNU Autoconf 2.69.  Invocation command line was

  CONFIG_FILES    = 
  CONFIG_HEADERS  = 
  CONFIG_LINKS    = 
  CONFIG_COMMANDS = 
  $ ./config.status config.h

on debian7

config.status:954: creating config.h
config.status:1135: config.h is unchanged
